# JRE version: OpenJDK Runtime Environment Temurin-21.0.11+10 (21.0.11+10) (build 21.0.11+10-LTS)
# Java VM: OpenJDK 64-Bit Server VM Temurin-21.0.11+10 (21.0.11+10-LTS, mixed mode, sharing, tiered, compressed oops, compressed class ptrs, parallel gc, windows-amd64)
GC Precious Log:
 CardTable entry size: 512
 CPUs: 16 total, 16 available
 Memory: 7501M
 Large Page Support: Disabled
 NUMA Support: Disabled
 Compressed Oops: Enabled (32-bit)
 Alignments: Space 512K, Generation 512K, Heap 2M
 Heap Min Capacity: 100M
 Heap Initial Capacity: 100M
 Heap Max Capacity: 512M
 Pre-touch: Disabled
 Parallel Workers: 13
Heap:
 PSYoungGen      total 3072K, used 2875K [0x00000000f5580000, 0x00000000f5c00000, 0x0000000100000000)
  eden space 2560K, 97% used [0x00000000f5580000,0x00000000f57eecb8,0x00000000f5800000)
  from space 512K, 75% used [0x00000000f5b80000,0x00000000f5be0000,0x00000000f5c00000)
  to   space 1536K, 0% used [0x00000000f5900000,0x00000000f5900000,0x00000000f5a80000)
 ParOldGen       total 202240K, used 181819K [0x00000000e0000000, 0x00000000ec580000, 0x00000000f5580000)
  object space 202240K, 89% used [0x00000000e0000000,0x00000000eb18ec48,0x00000000ec580000)
 Metaspace       used 71409K, committed 72960K, reserved 1114112K
  class space    used 7739K, committed 8384K, reserved 1048576K
GC Heap History (20 events):
Event: 72.894 GC heap before
{Heap before GC invocations=505 (full 4):
 PSYoungGen      total 3072K, used 3049K [0x00000000f5580000, 0x00000000f5e00000, 0x0000000100000000)
  eden space 2048K, 100% used [0x00000000f5580000,0x00000000f5780000,0x00000000f5780000)
  from space 1024K, 97% used [0x00000000f5780000,0x00000000f587a7c0,0x00000000f5880000)
  to   space 3072K, 0% used [0x00000000f5b00000,0x00000000f5b00000,0x00000000f5e00000)
 ParOldGen       total 347136K, used 347029K [0x00000000e0000000, 0x00000000f5300000, 0x00000000f5580000)
  object space 347136K, 99% used [0x00000000e0000000,0x00000000f52e5590,0x00000000f5300000)
 Metaspace       used 70995K, committed 72512K, reserved 1114112K
  class space    used 7700K, committed 8320K, reserved 1048576K
}
Event: 72.899 GC heap after
{Heap after GC invocations=505 (full 4):
 PSYoungGen      total 5120K, used 2080K [0x00000000f5580000, 0x00000000f5d80000, 0x0000000100000000)
  eden space 2560K, 0% used [0x00000000f5580000,0x00000000f5580000,0x00000000f5800000)
  from space 2560K, 81% used [0x00000000f5b00000,0x00000000f5d08000,0x00000000f5d80000)
  to   space 2560K, 0% used [0x00000000f5880000,0x00000000f5880000,0x00000000f5b00000)
 ParOldGen       total 348160K, used 348039K [0x00000000e0000000, 0x00000000f5400000, 0x00000000f5580000)
  object space 348160K, 99% used [0x00000000e0000000,0x00000000f53e1d50,0x00000000f5400000)
 Metaspace       used 70995K, committed 72512K, reserved 1114112K
  class space    used 7700K, committed 8320K, reserved 1048576K
}
Event: 72.915 GC heap before
{Heap before GC invocations=506 (full 4):
 PSYoungGen      total 5120K, used 4442K [0x00000000f5580000, 0x00000000f5d80000, 0x0000000100000000)
  eden space 2560K, 92% used [0x00000000f5580000,0x00000000f57cea40,0x00000000f5800000)
  from space 2560K, 81% used [0x00000000f5b00000,0x00000000f5d08000,0x00000000f5d80000)
  to   space 2560K, 0% used [0x00000000f5880000,0x00000000f5880000,0x00000000f5b00000)
 ParOldGen       total 348160K, used 348039K [0x00000000e0000000, 0x00000000f5400000, 0x00000000f5580000)
  object space 348160K, 99% used [0x00000000e0000000,0x00000000f53e1d50,0x00000000f5400000)
 Metaspace       used 70995K, committed 72512K, reserved 1114112K
  class space    used 7700K, committed 8320K, reserved 1048576K
}
Event: 72.921 GC heap after
{Heap after GC invocations=506 (full 4):
 PSYoungGen      total 5120K, used 4442K [0x00000000f5580000, 0x00000000f5d80000, 0x0000000100000000)
  eden space 2560K, 92% used [0x00000000f5580000,0x00000000f57cea40,0x00000000f5800000)
  from space 2560K, 81% used [0x00000000f5b00000,0x00000000f5d08000,0x00000000f5d80000)
  to   space 2560K, 99% used [0x00000000f5880000,0x00000000f5afb9a8,0x00000000f5b00000)
 ParOldGen       total 349696K, used 349695K [0x00000000e0000000, 0x00000000f5580000, 0x00000000f5580000)
  object space 349696K, 99% used [0x00000000e0000000,0x00000000f557fd50,0x00000000f5580000)
 Metaspace       used 70995K, committed 72512K, reserved 1114112K
  class space    used 7700K, committed 8320K, reserved 1048576K
}
Event: 72.921 GC heap before
{Heap before GC invocations=507 (full 5):
 PSYoungGen      total 5120K, used 4442K [0x00000000f5580000, 0x00000000f5d80000, 0x0000000100000000)
  eden space 2560K, 92% used [0x00000000f5580000,0x00000000f57cea40,0x00000000f5800000)
  from space 2560K, 81% used [0x00000000f5b00000,0x00000000f5d08000,0x00000000f5d80000)
  to   space 2560K, 99% used [0x00000000f5880000,0x00000000f5afb9a8,0x00000000f5b00000)
 ParOldGen       total 349696K, used 349695K [0x00000000e0000000, 0x00000000f5580000, 0x00000000f5580000)
  object space 349696K, 99% used [0x00000000e0000000,0x00000000f557fd50,0x00000000f5580000)
 Metaspace       used 70995K, committed 72512K, reserved 1114112K
  class space    used 7700K, committed 8320K, reserved 1048576K
}
Event: 73.128 GC heap after
{Heap after GC invocations=507 (full 5):
 PSYoungGen      total 5632K, used 0K [0x00000000f5580000, 0x00000000f5d80000, 0x0000000100000000)
  eden space 3072K, 0% used [0x00000000f5580000,0x00000000f5580000,0x00000000f5880000)
  from space 2560K, 0% used [0x00000000f5880000,0x00000000f5880000,0x00000000f5b00000)
  to   space 2560K, 0% used [0x00000000f5b00000,0x00000000f5b00000,0x00000000f5d80000)
 ParOldGen       total 202240K, used 172610K [0x00000000e0000000, 0x00000000ec580000, 0x00000000f5580000)
  object space 202240K, 85% used [0x00000000e0000000,0x00000000ea890a00,0x00000000ec580000)
 Metaspace       used 70995K, committed 72512K, reserved 1114112K
  class space    used 7700K, committed 8320K, reserved 1048576K
}
Event: 73.153 GC heap before
{Heap before GC invocations=508 (full 5):
 PSYoungGen      total 5632K, used 3072K [0x00000000f5580000, 0x00000000f5d80000, 0x0000000100000000)
  eden space 3072K, 100% used [0x00000000f5580000,0x00000000f5880000,0x00000000f5880000)
  from space 2560K, 0% used [0x00000000f5880000,0x00000000f5880000,0x00000000f5b00000)
  to   space 2560K, 0% used [0x00000000f5b00000,0x00000000f5b00000,0x00000000f5d80000)
 ParOldGen       total 202240K, used 172610K [0x00000000e0000000, 0x00000000ec580000, 0x00000000f5580000)
  object space 202240K, 85% used [0x00000000e0000000,0x00000000ea890a00,0x00000000ec580000)
 Metaspace       used 71012K, committed 72576K, reserved 1114112K
  class space    used 7700K, committed 8320K, reserved 1048576K
}
Event: 73.158 GC heap after
{Heap after GC invocations=508 (full 5):
 PSYoungGen      total 4608K, used 2547K [0x00000000f5580000, 0x00000000f6080000, 0x0000000100000000)
  eden space 2048K, 0% used [0x00000000f5580000,0x00000000f5580000,0x00000000f5780000)
  from space 2560K, 99% used [0x00000000f5b00000,0x00000000f5d7cd10,0x00000000f5d80000)
  to   space 3584K, 0% used [0x00000000f5780000,0x00000000f5780000,0x00000000f5b00000)
 ParOldGen       total 202240K, used 173138K [0x00000000e0000000, 0x00000000ec580000, 0x00000000f5580000)
  object space 202240K, 85% used [0x00000000e0000000,0x00000000ea914a00,0x00000000ec580000)
 Metaspace       used 71012K, committed 72576K, reserved 1114112K
  class space    used 7700K, committed 8320K, reserved 1048576K
}
Event: 73.169 GC heap before
{Heap before GC invocations=509 (full 5):
 PSYoungGen      total 4608K, used 4595K [0x00000000f5580000, 0x00000000f6080000, 0x0000000100000000)
  eden space 2048K, 100% used [0x00000000f5580000,0x00000000f5780000,0x00000000f5780000)
  from space 2560K, 99% used [0x00000000f5b00000,0x00000000f5d7cd10,0x00000000f5d80000)
  to   space 3584K, 0% used [0x00000000f5780000,0x00000000f5780000,0x00000000f5b00000)
 ParOldGen       total 202240K, used 173138K [0x00000000e0000000, 0x00000000ec580000, 0x00000000f5580000)
  object space 202240K, 85% used [0x00000000e0000000,0x00000000ea914a00,0x00000000ec580000)
 Metaspace       used 71012K, committed 72576K, reserved 1114112K
  class space    used 7700K, committed 8320K, reserved 1048576K
}
Event: 73.173 GC heap after
{Heap after GC invocations=509 (full 5):
 PSYoungGen      total 4608K, used 2242K [0x00000000f5580000, 0x00000000f5d00000, 0x0000000100000000)
  eden space 2048K, 0% used [0x00000000f5580000,0x00000000f5580000,0x00000000f5780000)
  from space 2560K, 87% used [0x00000000f5780000,0x00000000f59b0ba0,0x00000000f5a00000)
  to   space 2560K, 0% used [0x00000000f5a80000,0x00000000f5a80000,0x00000000f5d00000)
 ParOldGen       total 202240K, used 175483K [0x00000000e0000000, 0x00000000ec580000, 0x00000000f5580000)
  object space 202240K, 86% used [0x00000000e0000000,0x00000000eab5ec70,0x00000000ec580000)
 Metaspace       used 71012K, committed 72576K, reserved 1114112K
  class space    used 7700K, committed 8320K, reserved 1048576K
}
Event: 73.187 GC heap before
{Heap before GC invocations=510 (full 5):
 PSYoungGen      total 4608K, used 4290K [0x00000000f5580000, 0x00000000f5d00000, 0x0000000100000000)
  eden space 2048K, 100% used [0x00000000f5580000,0x00000000f5780000,0x00000000f5780000)
  from space 2560K, 87% used [0x00000000f5780000,0x00000000f59b0ba0,0x00000000f5a00000)
  to   space 2560K, 0% used [0x00000000f5a80000,0x00000000f5a80000,0x00000000f5d00000)
 ParOldGen       total 202240K, used 175483K [0x00000000e0000000, 0x00000000ec580000, 0x00000000f5580000)
  object space 202240K, 86% used [0x00000000e0000000,0x00000000eab5ec70,0x00000000ec580000)
 Metaspace       used 71012K, committed 72576K, reserved 1114112K
  class space    used 7700K, committed 8320K, reserved 1048576K
}
Event: 73.191 GC heap after
{Heap after GC invocations=510 (full 5):
 PSYoungGen      total 5120K, used 2185K [0x00000000f5580000, 0x00000000f5d00000, 0x0000000100000000)
  eden space 2560K, 0% used [0x00000000f5580000,0x00000000f5580000,0x00000000f5800000)
  from space 2560K, 85% used [0x00000000f5a80000,0x00000000f5ca2640,0x00000000f5d00000)
  to   space 2560K, 0% used [0x00000000f5800000,0x00000000f5800000,0x00000000f5a80000)
 ParOldGen       total 202240K, used 177491K [0x00000000e0000000, 0x00000000ec580000, 0x00000000f5580000)
  object space 202240K, 87% used [0x00000000e0000000,0x00000000ead54c88,0x00000000ec580000)
 Metaspace       used 71012K, committed 72576K, reserved 1114112K
  class space    used 7700K, committed 8320K, reserved 1048576K
}
Event: 73.235 GC heap before
{Heap before GC invocations=511 (full 5):
 PSYoungGen      total 5120K, used 4615K [0x00000000f5580000, 0x00000000f5d00000, 0x0000000100000000)
  eden space 2560K, 94% used [0x00000000f5580000,0x00000000f57df648,0x00000000f5800000)
  from space 2560K, 85% used [0x00000000f5a80000,0x00000000f5ca2640,0x00000000f5d00000)
  to   space 2560K, 0% used [0x00000000f5800000,0x00000000f5800000,0x00000000f5a80000)
 ParOldGen       total 202240K, used 177491K [0x00000000e0000000, 0x00000000ec580000, 0x00000000f5580000)
  object space 202240K, 87% used [0x00000000e0000000,0x00000000ead54c88,0x00000000ec580000)
 Metaspace       used 71013K, committed 72576K, reserved 1114112K
  class space    used 7700K, committed 8320K, reserved 1048576K
}
Event: 73.239 GC heap after
{Heap after GC invocations=511 (full 5):
 PSYoungGen      total 5120K, used 1192K [0x00000000f5580000, 0x00000000f5c80000, 0x0000000100000000)
  eden space 2560K, 0% used [0x00000000f5580000,0x00000000f5580000,0x00000000f5800000)
  from space 2560K, 46% used [0x00000000f5800000,0x00000000f592a3e8,0x00000000f5a80000)
  to   space 2048K, 0% used [0x00000000f5a80000,0x00000000f5a80000,0x00000000f5c80000)
 ParOldGen       total 202240K, used 179230K [0x00000000e0000000, 0x00000000ec580000, 0x00000000f5580000)
  object space 202240K, 88% used [0x00000000e0000000,0x00000000eaf07858,0x00000000ec580000)
 Metaspace       used 71013K, committed 72576K, reserved 1114112K
  class space    used 7700K, committed 8320K, reserved 1048576K
}
Event: 73.371 GC heap before
{Heap before GC invocations=512 (full 5):
 PSYoungGen      total 5120K, used 3752K [0x00000000f5580000, 0x00000000f5c80000, 0x0000000100000000)
  eden space 2560K, 100% used [0x00000000f5580000,0x00000000f5800000,0x00000000f5800000)
  from space 2560K, 46% used [0x00000000f5800000,0x00000000f592a3e8,0x00000000f5a80000)
  to   space 2048K, 0% used [0x00000000f5a80000,0x00000000f5a80000,0x00000000f5c80000)
 ParOldGen       total 202240K, used 179230K [0x00000000e0000000, 0x00000000ec580000, 0x00000000f5580000)
  object space 202240K, 88% used [0x00000000e0000000,0x00000000eaf07858,0x00000000ec580000)
 Metaspace       used 71013K, committed 72576K, reserved 1114112K
  class space    used 7700K, committed 8320K, reserved 1048576K
}
Event: 73.375 GC heap after
{Heap after GC invocations=512 (full 5):
 PSYoungGen      total 4096K, used 1184K [0x00000000f5580000, 0x00000000f5c00000, 0x0000000100000000)
  eden space 2560K, 0% used [0x00000000f5580000,0x00000000f5580000,0x00000000f5800000)
  from space 1536K, 77% used [0x00000000f5a80000,0x00000000f5ba8018,0x00000000f5c00000)
  to   space 1536K, 0% used [0x00000000f5900000,0x00000000f5900000,0x00000000f5a80000)
 ParOldGen       total 202240K, used 180091K [0x00000000e0000000, 0x00000000ec580000, 0x00000000f5580000)
  object space 202240K, 89% used [0x00000000e0000000,0x00000000eafdec30,0x00000000ec580000)
 Metaspace       used 71013K, committed 72576K, reserved 1114112K
  class space    used 7700K, committed 8320K, reserved 1048576K
}
Event: 73.419 GC heap before
{Heap before GC invocations=513 (full 5):
 PSYoungGen      total 4096K, used 3744K [0x00000000f5580000, 0x00000000f5c00000, 0x0000000100000000)
  eden space 2560K, 100% used [0x00000000f5580000,0x00000000f5800000,0x00000000f5800000)
  from space 1536K, 77% used [0x00000000f5a80000,0x00000000f5ba8018,0x00000000f5c00000)
  to   space 1536K, 0% used [0x00000000f5900000,0x00000000f5900000,0x00000000f5a80000)
 ParOldGen       total 202240K, used 180091K [0x00000000e0000000, 0x00000000ec580000, 0x00000000f5580000)
  object space 202240K, 89% used [0x00000000e0000000,0x00000000eafdec30,0x00000000ec580000)
 Metaspace       used 71022K, committed 72576K, reserved 1114112K
  class space    used 7702K, committed 8320K, reserved 1048576K
}
Event: 73.423 GC heap after
{Heap after GC invocations=513 (full 5):
 PSYoungGen      total 4096K, used 1516K [0x00000000f5580000, 0x00000000f5f00000, 0x0000000100000000)
  eden space 2560K, 0% used [0x00000000f5580000,0x00000000f5580000,0x00000000f5800000)
  from space 1536K, 98% used [0x00000000f5900000,0x00000000f5a7b110,0x00000000f5a80000)
  to   space 3584K, 0% used [0x00000000f5b80000,0x00000000f5b80000,0x00000000f5f00000)
 ParOldGen       total 202240K, used 181531K [0x00000000e0000000, 0x00000000ec580000, 0x00000000f5580000)
  object space 202240K, 89% used [0x00000000e0000000,0x00000000eb146c48,0x00000000ec580000)
 Metaspace       used 71022K, committed 72576K, reserved 1114112K
  class space    used 7702K, committed 8320K, reserved 1048576K
}
Event: 351.655 GC heap before
{Heap before GC invocations=514 (full 5):
 PSYoungGen      total 4096K, used 4076K [0x00000000f5580000, 0x00000000f5f00000, 0x0000000100000000)
  eden space 2560K, 99% used [0x00000000f5580000,0x00000000f57ffff0,0x00000000f5800000)
  from space 1536K, 98% used [0x00000000f5900000,0x00000000f5a7b110,0x00000000f5a80000)
  to   space 3584K, 0% used [0x00000000f5b80000,0x00000000f5b80000,0x00000000f5f00000)
 ParOldGen       total 202240K, used 181531K [0x00000000e0000000, 0x00000000ec580000, 0x00000000f5580000)
  object space 202240K, 89% used [0x00000000e0000000,0x00000000eb146c48,0x00000000ec580000)
 Metaspace       used 71074K, committed 72640K, reserved 1114112K
  class space    used 7706K, committed 8320K, reserved 1048576K
}
Event: 351.981 GC heap after
{Heap after GC invocations=514 (full 5):
 PSYoungGen      total 3072K, used 384K [0x00000000f5580000, 0x00000000f5c00000, 0x0000000100000000)
  eden space 2560K, 0% used [0x00000000f5580000,0x00000000f5580000,0x00000000f5800000)
  from space 512K, 75% used [0x00000000f5b80000,0x00000000f5be0000,0x00000000f5c00000)
  to   space 1536K, 0% used [0x00000000f5900000,0x00000000f5900000,0x00000000f5a80000)
 ParOldGen       total 202240K, used 181819K [0x00000000e0000000, 0x00000000ec580000, 0x00000000f5580000)
  object space 202240K, 89% used [0x00000000e0000000,0x00000000eb18ec48,0x00000000ec580000)
 Metaspace       used 71074K, committed 72640K, reserved 1114112K
  class space    used 7706K, committed 8320K, reserved 1048576K
}

